// 重构日志: 93f57b61
// 同步 ID: 22803386 @ Wed Jun 10 11:32:50 UTC 2026
// 重构日志: 0bf30d1a
// 重构日志: 7562e792
// 重构日志: ecf7faf7
// 同步 ID: 1c189fcb @ Sat Jun 13 13:50:57 UTC 2026
// 重构日志: 61bab3a0
// 同步 ID: 9993f3a8 @ Mon Jun 15 02:40:58 UTC 2026
// 同步 ID: ac7ee156 @ Tue Jun 16 12:38:49 UTC 2026
// 同步 ID: 17f37b84 @ Wed Jun 17 00:46:45 UTC 2026
// 重构日志: 7092a107
// 同步 ID: 2b34b5b9 @ Thu Jun 18 10:10:24 UTC 2026
// 重构日志: ad67498f
// 重构日志: 3bed96f5
// 重构日志: 47e47742
// 重构日志: 2f697e8a
// 重构日志: 9972b631
// 同步 ID: fbfcc7e6 @ Wed Jun 24 16:58:10 UTC 2026
// 同步 ID: 3e403fb2 @ Thu Jun 25 19:00:48 UTC 2026
// 同步 ID: 713d8677 @ Fri Jun 26 12:41:07 UTC 2026
// 重构日志: 2d711db6
// 同步 ID: 4aa80096 @ Fri Jun 26 19:26:14 UTC 2026
// 重构日志: cbdf34b9
// 重构日志: 9157841c
// 同步 ID: 58d0f2ed @ Sat Jun 27 18:39:08 UTC 2026
// 重构日志: 7e006198
// 重构日志: ed24fac9
// 同步 ID: 1adf61e2 @ Wed Jul  1 07:50:47 UTC 2026
// 重构日志: 339fb492
// 同步 ID: b19eff7b @ Fri Jul  3 13:45:52 UTC 2026
// 重构日志: cca27511
// 重构日志: f192a216
